<?xml version="1.0" encoding="utf-8"?><testsuites name="pytest tests"><testsuite name="pytest" errors="0" failures="0" skipped="0" tests="13" time="89.515" timestamp="2026-03-29T20:17:28.279523+00:00" hostname="agent-env-ffc8a3b4-f69b-4057-9ea0-cbb108eeebdb"><testcase classname="tests.test_access_engine_v6_api.TestAccessHealthEndpoint" name="test_health_returns_200" time="83.278" /><testcase classname="tests.test_access_engine_v6_api.TestAccessHealthEndpoint" name="test_health_returns_operational_status" time="0.135" /><testcase classname="tests.test_access_engine_v6_api.TestAccessComputeEndpoint" name="test_compute_returns_200" time="1.173" /><testcase classname="tests.test_access_engine_v6_api.TestAccessComputeEndpoint" name="test_compute_returns_route_structure" time="0.105" /><testcase classname="tests.test_access_engine_v6_api.TestAccessComputeEndpoint" name="test_compute_returns_segments_with_colors" time="0.125" /><testcase classname="tests.test_access_engine_v6_api.TestAccessComputeEndpoint" name="test_compute_returns_vegetation_analysis" time="0.113" /><testcase classname="tests.test_access_engine_v6_api.TestAccessComputeEndpoint" name="test_compute_with_options" time="1.834" /><testcase classname="tests.test_access_engine_v6_api.TestAccessCacheHit" name="test_cache_hit_on_second_call" time="1.055" /><testcase classname="tests.test_access_engine_v6_api.TestAccessBatchEndpoint" name="test_batch_returns_200" time="1.156" /><testcase classname="tests.test_access_engine_v6_api.TestAccessBatchEndpoint" name="test_batch_returns_multiple_routes" time="0.141" /><testcase classname="tests.test_access_engine_v6_api.TestAccessValidation" name="test_invalid_latitude_rejected" time="0.109" /><testcase classname="tests.test_access_engine_v6_api.TestAccessValidation" name="test_invalid_month_rejected" time="0.105" /><testcase classname="tests.test_access_engine_v6_api.TestAccessValidation" name="test_missing_origin_rejected" time="0.104" /></testsuite></testsuites>