<?xml version="1.0" encoding="utf-8"?><testsuites name="pytest tests"><testsuite name="pytest" errors="0" failures="0" skipped="0" tests="30" time="0.114" timestamp="2026-03-29T20:19:03.969739+00:00" hostname="agent-env-ffc8a3b4-f69b-4057-9ea0-cbb108eeebdb"><testcase classname="modules.access_engine_v6.tests.test_access_golden.TestSinglePipeline" name="test_engine_is_sole_pipeline" time="0.027" /><testcase classname="modules.access_engine_v6.tests.test_access_golden.TestSingleAPI" name="test_router_is_sole_api" time="0.022" /><testcase classname="modules.access_engine_v6.tests.test_access_golden.TestSingleLayer" name="test_access_layer_is_unique" time="0.000" /><testcase classname="modules.access_engine_v6.tests.test_access_golden.TestNoParallelRendering" name="test_hunting_path_no_access" time="0.000" /><testcase classname="modules.access_engine_v6.tests.test_access_golden.TestNoParallelRendering" name="test_stands_map_no_access_calc" time="0.000" /><testcase classname="modules.access_engine_v6.tests.test_access_golden.TestCacheIsolation" name="test_cache_directory_exists" time="0.000" /><testcase classname="modules.access_engine_v6.tests.test_access_golden.TestCacheIsolation" name="test_no_access_cache_elsewhere" time="0.023" /><testcase classname="modules.access_engine_v6.tests.test_access_golden.TestGoldenSeparation" name="test_engine_no_fastapi_imports" time="0.000" /><testcase classname="modules.access_engine_v6.tests.test_access_golden.TestGoldenSeparation" name="test_router_no_pathfinding_logic" time="0.000" /><testcase classname="modules.access_engine_v6.tests.test_access_golden.TestGoldenSeparation" name="test_all_module_files_present" time="0.000" /><testcase classname="modules.access_engine_v6.tests.test_access_structural.TestTrailPriority" name="test_trail_cost_lower_than_offtrail" time="0.000" /><testcase classname="modules.access_engine_v6.tests.test_access_structural.TestTrailPriority" name="test_trail_bonus_factor" time="0.000" /><testcase classname="modules.access_engine_v6.tests.test_access_structural.TestSlopePenalty" name="test_slope_over_25_is_infinite" time="0.000" /><testcase classname="modules.access_engine_v6.tests.test_access_structural.TestSlopePenalty" name="test_slope_exactly_25_is_passable" time="0.000" /><testcase classname="modules.access_engine_v6.tests.test_access_structural.TestSlopePenalty" name="test_steep_slope_higher_cost" time="0.000" /><testcase classname="modules.access_engine_v6.tests.test_access_structural.TestWaterBlocking" name="test_water_is_impassable" time="0.000" /><testcase classname="modules.access_engine_v6.tests.test_access_structural.TestWaterBlocking" name="test_wetland_very_high_cost" time="0.000" /><testcase classname="modules.access_engine_v6.tests.test_access_structural.TestVegetationScoring" name="test_dense_forest_higher_cost" time="0.000" /><testcase classname="modules.access_engine_v6.tests.test_access_structural.TestVegetationScoring" name="test_understory_penalty" time="0.000" /><testcase classname="modules.access_engine_v6.tests.test_access_structural.TestSegmentClassification" name="test_segment_types_defined" time="0.000" /><testcase classname="modules.access_engine_v6.tests.test_access_structural.TestSegmentClassification" name="test_trail_is_green" time="0.000" /><testcase classname="modules.access_engine_v6.tests.test_access_structural.TestSegmentClassification" name="test_hybrid_is_blue" time="0.000" /><testcase classname="modules.access_engine_v6.tests.test_access_structural.TestSegmentClassification" name="test_off_trail_is_gold" time="0.000" /><testcase classname="modules.access_engine_v6.tests.test_access_structural.TestSegmentClassification" name="test_non_conformant_is_red" time="0.000" /><testcase classname="modules.access_engine_v6.tests.test_access_structural.TestAstarGrid" name="test_finds_path_simple_grid" time="0.000" /><testcase classname="modules.access_engine_v6.tests.test_access_structural.TestAstarGrid" name="test_no_path_with_wall" time="0.000" /><testcase classname="modules.access_engine_v6.tests.test_access_structural.TestDijkstraTrailGraph" name="test_simple_trail_path" time="0.000" /><testcase classname="modules.access_engine_v6.tests.test_access_structural.TestDijkstraTrailGraph" name="test_no_path_disconnected" time="0.000" /><testcase classname="modules.access_engine_v6.tests.test_access_structural.TestNearestTrailNode" name="test_finds_nearest" time="0.000" /><testcase classname="modules.access_engine_v6.tests.test_access_structural.TestVegetationAnalyzer" name="test_default_analysis_empty" time="0.000" /></testsuite></testsuites>