<?xml version="1.0" encoding="utf-8"?><testsuites name="pytest tests"><testsuite name="pytest" errors="0" failures="0" skipped="0" tests="25" time="190.581" timestamp="2026-04-05T16:16:32.066796+00:00" hostname="agent-env-ffc8a3b4-f69b-4057-9ea0-cbb108eeebdb"><testcase classname="tests.test_bionic_hotspots_v72_directive.TestHotspotExtractionV72" name="test_extraction_returns_success" time="20.212" /><testcase classname="tests.test_bionic_hotspots_v72_directive.TestHotspotExtractionV72" name="test_extraction_returns_hotspots" time="0.000" /><testcase classname="tests.test_bionic_hotspots_v72_directive.TestHotspotExtractionV72" name="test_extraction_covers_all_regions" time="0.000" /><testcase classname="tests.test_bionic_hotspots_v72_directive.TestHotspotListV72" name="test_list_returns_hotspots" time="21.168" /><testcase classname="tests.test_bionic_hotspots_v72_directive.TestHotspotListV72" name="test_hotspots_have_v72_metadata" time="0.000" /><testcase classname="tests.test_bionic_hotspots_v72_directive.TestHotspotListV72" name="test_hotspots_have_intensity_values" time="0.000" /><testcase classname="tests.test_bionic_hotspots_v72_directive.TestHotspotListV72" name="test_hotspots_have_habitat_type" time="0.000" /><testcase classname="tests.test_bionic_hotspots_v72_directive.TestHotspotListV72" name="test_water_proximity_in_range" time="0.000" /><testcase classname="tests.test_bionic_hotspots_v72_directive.TestWaterExclusionV72" name="test_no_hotspot_on_lac_saint_jean" time="21.146" /><testcase classname="tests.test_bionic_hotspots_v72_directive.TestWaterExclusionV72" name="test_no_hotspot_on_lac_temiscouata" time="0.000" /><testcase classname="tests.test_bionic_hotspots_v72_directive.TestWaterExclusionV72" name="test_water_proximity_not_zero_for_all" time="0.000" /><testcase classname="tests.test_bionic_hotspots_v72_directive.TestEcologicalConstraintsV72" name="test_no_dindon_sauvage_above_46_8N" time="21.288" /><testcase classname="tests.test_bionic_hotspots_v72_directive.TestEcologicalConstraintsV72" name="test_ecological_coherence_present" time="0.000" /><testcase classname="tests.test_bionic_hotspots_v72_directive.TestEcologicalConstraintsV72" name="test_saguenay_bas_saint_laurent_cote_nord_no_dindon" time="0.000" /><testcase classname="tests.test_bionic_hotspots_v72_directive.TestDispersionV72" name="test_hotspots_dispersion_1500m" time="21.552" /><testcase classname="tests.test_bionic_hotspots_v72_directive.TestBCE4XReportV72" name="test_bce_report_returns_pass" time="21.026" /><testcase classname="tests.test_bionic_hotspots_v72_directive.TestBCE4XReportV72" name="test_bce_report_has_checks" time="0.000" /><testcase classname="tests.test_bionic_hotspots_v72_directive.TestBCE4XReportV72" name="test_bce_report_includes_water_exclusion" time="0.000" /><testcase classname="tests.test_bionic_hotspots_v72_directive.TestBCE4XReportV72" name="test_bce_report_includes_v72_rules" time="0.000" /><testcase classname="tests.test_bionic_hotspots_v72_directive.TestTerrainFactorsV72" name="test_terrain_factors_present" time="21.277" /><testcase classname="tests.test_bionic_hotspots_v72_directive.TestTerrainFactorsV72" name="test_water_exclusion_true_for_all" time="0.000" /><testcase classname="tests.test_bionic_hotspots_v72_directive.TestAPIEndpoints" name="test_regions_endpoint" time="0.112" /><testcase classname="tests.test_bionic_hotspots_v72_directive.TestAPIEndpoints" name="test_stats_endpoint" time="21.234" /><testcase classname="tests.test_bionic_hotspots_v72_directive.TestAPIEndpoints" name="test_export_geojson_endpoint" time="21.340" /><testcase classname="tests.test_bionic_hotspots_v72_directive.TestAPIEndpoints" name="test_scheduler_status_endpoint" time="0.106" /></testsuite></testsuites>