<?xml version="1.0" encoding="utf-8"?><testsuites name="pytest tests"><testsuite name="pytest" errors="0" failures="0" skipped="0" tests="67" time="35.203" timestamp="2026-03-26T16:00:57.322803+00:00" hostname="agent-env-ffc8a3b4-f69b-4057-9ea0-cbb108eeebdb"><testcase classname="backend.tests.test_nutrition_intelligence_phase3.TestX6010ProductQualityAnalyzer" name="test_product_quality_single" time="25.114" /><testcase classname="backend.tests.test_nutrition_intelligence_phase3.TestX6010ProductQualityAnalyzer" name="test_product_quality_all" time="0.146" /><testcase classname="backend.tests.test_nutrition_intelligence_phase3.TestX6010ProductQualityAnalyzer" name="test_product_quality_unknown_product" time="0.151" /><testcase classname="backend.tests.test_nutrition_intelligence_phase3.TestX6011MarketAvailabilityEngine" name="test_product_availability_single" time="0.170" /><testcase classname="backend.tests.test_nutrition_intelligence_phase3.TestX6011MarketAvailabilityEngine" name="test_product_availability_all" time="0.184" /><testcase classname="backend.tests.test_nutrition_intelligence_phase3.TestX6011MarketAvailabilityEngine" name="test_product_availability_all_with_province_filter" time="0.136" /><testcase classname="backend.tests.test_nutrition_intelligence_phase3.TestX6011MarketAvailabilityEngine" name="test_provincial_restrictions" time="0.154" /><testcase classname="backend.tests.test_nutrition_intelligence_phase3.TestX6012RegulatoryComplianceEngine" name="test_product_compliance_single" time="0.118" /><testcase classname="backend.tests.test_nutrition_intelligence_phase3.TestX6012RegulatoryComplianceEngine" name="test_product_compliance_all" time="0.115" /><testcase classname="backend.tests.test_nutrition_intelligence_phase3.TestX6012RegulatoryComplianceEngine" name="test_compliance_by_organism_mapaq" time="0.177" /><testcase classname="backend.tests.test_nutrition_intelligence_phase3.TestX6012RegulatoryComplianceEngine" name="test_compliance_by_organism_acia" time="0.114" /><testcase classname="backend.tests.test_nutrition_intelligence_phase3.TestX6012RegulatoryComplianceEngine" name="test_compliance_by_organism_fda" time="0.179" /><testcase classname="backend.tests.test_nutrition_intelligence_phase3.TestX6012RegulatoryComplianceEngine" name="test_compliance_unknown_organism" time="0.108" /><testcase classname="backend.tests.test_nutrition_intelligence_phase3.TestX6020TerrainSolutionsEngine" name="test_terrain_solutions_catalog" time="0.114" /><testcase classname="backend.tests.test_nutrition_intelligence_phase3.TestX6020TerrainSolutionsEngine" name="test_terrain_solutions_compute" time="0.165" /><testcase classname="backend.tests.test_nutrition_intelligence_phase3.TestX6030ProductEcosystemConnector" name="test_product_ecosystem_single" time="0.128" /><testcase classname="backend.tests.test_nutrition_intelligence_phase3.TestX6030ProductEcosystemConnector" name="test_product_ecosystem_all" time="0.129" /><testcase classname="backend.tests.test_nutrition_intelligence_phase3.TestX6030ProductEcosystemConnector" name="test_product_tracability" time="0.125" /><testcase classname="backend.tests.test_nutrition_intelligence_phase3.TestX7000SupplierProductPipeline" name="test_supplier_submit_valid" time="0.181" /><testcase classname="backend.tests.test_nutrition_intelligence_phase3.TestX7000SupplierProductPipeline" name="test_supplier_submit_invalid_missing_acia" time="0.134" /><testcase classname="backend.tests.test_nutrition_intelligence_phase3.TestX7000SupplierProductPipeline" name="test_supplier_pipeline_full_flow" time="0.362" /><testcase classname="backend.tests.test_nutrition_intelligence_phase3.TestX7000SupplierProductPipeline" name="test_supplier_review_reject" time="0.312" /><testcase classname="backend.tests.test_nutrition_intelligence_phase3.TestX7000SupplierProductPipeline" name="test_supplier_activate_not_approved" time="0.237" /><testcase classname="backend.tests.test_nutrition_intelligence_phase3.TestX7000SupplierProductPipeline" name="test_supplier_pipeline_stats" time="0.129" /><testcase classname="backend.tests.test_nutrition_intelligence_phase3.TestX7000SupplierProductPipeline" name="test_supplier_get_submission" time="0.462" /><testcase classname="backend.tests.test_nutrition_intelligence_phase3.TestX7000SupplierProductPipeline" name="test_supplier_list_submissions" time="0.128" /><testcase classname="backend.tests.test_nutrition_intelligence_phase3.TestSupraPanelEnrichment" name="test_supra_panel_enriched" time="0.123" /><testcase classname="backend.tests.test_nutrition_intelligence_phase3.TestAllProductIds" name="test_quality_for_all_products[trophy_rock_four65]" time="0.128" /><testcase classname="backend.tests.test_nutrition_intelligence_phase3.TestAllProductIds" name="test_quality_for_all_products[pro_cal_lick]" time="0.137" /><testcase classname="backend.tests.test_nutrition_intelligence_phase3.TestAllProductIds" name="test_quality_for_all_products[biomineral_p_plus]" time="0.170" /><testcase classname="backend.tests.test_nutrition_intelligence_phase3.TestAllProductIds" name="test_quality_for_all_products[whitetail_k_source]" time="0.117" /><testcase classname="backend.tests.test_nutrition_intelligence_phase3.TestAllProductIds" name="test_quality_for_all_products[evolved_mag_mix]" time="0.160" /><testcase classname="backend.tests.test_nutrition_intelligence_phase3.TestAllProductIds" name="test_quality_for_all_products[purina_antlermax_zn]" time="0.134" /><testcase classname="backend.tests.test_nutrition_intelligence_phase3.TestAllProductIds" name="test_quality_for_all_products[ridley_se_vit]" time="0.110" /><testcase classname="backend.tests.test_nutrition_intelligence_phase3.TestAllProductIds" name="test_quality_for_all_products[sportsmans_fe_block]" time="0.189" /><testcase classname="backend.tests.test_nutrition_intelligence_phase3.TestAllProductIds" name="test_quality_for_all_products[bear_mineral_attract]" time="0.142" /><testcase classname="backend.tests.test_nutrition_intelligence_phase3.TestAllProductIds" name="test_quality_for_all_products[purina_antlermax_20]" time="0.136" /><testcase classname="backend.tests.test_nutrition_intelligence_phase3.TestAllProductIds" name="test_availability_for_all_products[trophy_rock_four65]" time="0.129" /><testcase classname="backend.tests.test_nutrition_intelligence_phase3.TestAllProductIds" name="test_availability_for_all_products[pro_cal_lick]" time="0.122" /><testcase classname="backend.tests.test_nutrition_intelligence_phase3.TestAllProductIds" name="test_availability_for_all_products[biomineral_p_plus]" time="0.110" /><testcase classname="backend.tests.test_nutrition_intelligence_phase3.TestAllProductIds" name="test_availability_for_all_products[whitetail_k_source]" time="0.147" /><testcase classname="backend.tests.test_nutrition_intelligence_phase3.TestAllProductIds" name="test_availability_for_all_products[evolved_mag_mix]" time="0.120" /><testcase classname="backend.tests.test_nutrition_intelligence_phase3.TestAllProductIds" name="test_availability_for_all_products[purina_antlermax_zn]" time="0.183" /><testcase classname="backend.tests.test_nutrition_intelligence_phase3.TestAllProductIds" name="test_availability_for_all_products[ridley_se_vit]" time="0.111" /><testcase classname="backend.tests.test_nutrition_intelligence_phase3.TestAllProductIds" name="test_availability_for_all_products[sportsmans_fe_block]" time="0.119" /><testcase classname="backend.tests.test_nutrition_intelligence_phase3.TestAllProductIds" name="test_availability_for_all_products[bear_mineral_attract]" time="0.099" /><testcase classname="backend.tests.test_nutrition_intelligence_phase3.TestAllProductIds" name="test_availability_for_all_products[purina_antlermax_20]" time="0.123" /><testcase classname="backend.tests.test_nutrition_intelligence_phase3.TestAllProductIds" name="test_compliance_for_all_products[trophy_rock_four65]" time="0.127" /><testcase classname="backend.tests.test_nutrition_intelligence_phase3.TestAllProductIds" name="test_compliance_for_all_products[pro_cal_lick]" time="0.112" /><testcase classname="backend.tests.test_nutrition_intelligence_phase3.TestAllProductIds" name="test_compliance_for_all_products[biomineral_p_plus]" time="0.135" /><testcase classname="backend.tests.test_nutrition_intelligence_phase3.TestAllProductIds" name="test_compliance_for_all_products[whitetail_k_source]" time="0.108" /><testcase classname="backend.tests.test_nutrition_intelligence_phase3.TestAllProductIds" name="test_compliance_for_all_products[evolved_mag_mix]" time="0.131" /><testcase classname="backend.tests.test_nutrition_intelligence_phase3.TestAllProductIds" name="test_compliance_for_all_products[purina_antlermax_zn]" time="0.127" /><testcase classname="backend.tests.test_nutrition_intelligence_phase3.TestAllProductIds" name="test_compliance_for_all_products[ridley_se_vit]" time="0.118" /><testcase classname="backend.tests.test_nutrition_intelligence_phase3.TestAllProductIds" name="test_compliance_for_all_products[sportsmans_fe_block]" time="0.167" /><testcase classname="backend.tests.test_nutrition_intelligence_phase3.TestAllProductIds" name="test_compliance_for_all_products[bear_mineral_attract]" time="0.153" /><testcase classname="backend.tests.test_nutrition_intelligence_phase3.TestAllProductIds" name="test_compliance_for_all_products[purina_antlermax_20]" time="0.141" /><testcase classname="backend.tests.test_nutrition_intelligence_phase3.TestAllProductIds" name="test_ecosystem_for_all_products[trophy_rock_four65]" time="0.124" /><testcase classname="backend.tests.test_nutrition_intelligence_phase3.TestAllProductIds" name="test_ecosystem_for_all_products[pro_cal_lick]" time="0.135" /><testcase classname="backend.tests.test_nutrition_intelligence_phase3.TestAllProductIds" name="test_ecosystem_for_all_products[biomineral_p_plus]" time="0.118" /><testcase classname="backend.tests.test_nutrition_intelligence_phase3.TestAllProductIds" name="test_ecosystem_for_all_products[whitetail_k_source]" time="0.209" /><testcase classname="backend.tests.test_nutrition_intelligence_phase3.TestAllProductIds" name="test_ecosystem_for_all_products[evolved_mag_mix]" time="0.149" /><testcase classname="backend.tests.test_nutrition_intelligence_phase3.TestAllProductIds" name="test_ecosystem_for_all_products[purina_antlermax_zn]" time="0.149" /><testcase classname="backend.tests.test_nutrition_intelligence_phase3.TestAllProductIds" name="test_ecosystem_for_all_products[ridley_se_vit]" time="0.114" /><testcase classname="backend.tests.test_nutrition_intelligence_phase3.TestAllProductIds" name="test_ecosystem_for_all_products[sportsmans_fe_block]" time="0.130" /><testcase classname="backend.tests.test_nutrition_intelligence_phase3.TestAllProductIds" name="test_ecosystem_for_all_products[bear_mineral_attract]" time="0.174" /><testcase classname="backend.tests.test_nutrition_intelligence_phase3.TestAllProductIds" name="test_ecosystem_for_all_products[purina_antlermax_20]" time="0.132" /></testsuite></testsuites>