<?xml version="1.0" encoding="utf-8"?><testsuites name="pytest tests"><testsuite name="pytest" errors="0" failures="0" skipped="0" tests="26" time="19.333" timestamp="2026-03-26T14:09:46.532124+00:00" hostname="agent-env-ffc8a3b4-f69b-4057-9ea0-cbb108eeebdb"><testcase classname="tests.test_nutrition_intelligence_supra.TestSupraPanelEndpoint" name="test_supra_panel_chevreuil_printemps" time="15.850" /><testcase classname="tests.test_nutrition_intelligence_supra.TestSupraPanelEndpoint" name="test_supra_panel_orignal" time="0.184" /><testcase classname="tests.test_nutrition_intelligence_supra.TestSupraPanelEndpoint" name="test_supra_panel_ours_noir" time="0.164" /><testcase classname="tests.test_nutrition_intelligence_supra.TestProductScoreEndpoints" name="test_product_score_individual" time="0.132" /><testcase classname="tests.test_nutrition_intelligence_supra.TestProductScoreEndpoints" name="test_product_score_invalid_product" time="0.121" /><testcase classname="tests.test_nutrition_intelligence_supra.TestProductScoreEndpoints" name="test_products_all_ranking" time="0.129" /><testcase classname="tests.test_nutrition_intelligence_supra.TestProductScoreEndpoints" name="test_products_compare" time="0.106" /><testcase classname="tests.test_nutrition_intelligence_supra.TestProductScoreEndpoints" name="test_products_shop" time="0.162" /><testcase classname="tests.test_nutrition_intelligence_supra.TestEcozonesEndpoint" name="test_ecozones_orignal" time="0.178" /><testcase classname="tests.test_nutrition_intelligence_supra.TestEcozonesEndpoint" name="test_ecozones_chevreuil" time="0.116" /><testcase classname="tests.test_nutrition_intelligence_supra.TestEcozonesEndpoint" name="test_ecozones_ours_noir" time="0.111" /><testcase classname="tests.test_nutrition_intelligence_supra.TestEcozonesEndpoint" name="test_ecozones_all_species" time="0.141" /><testcase classname="tests.test_nutrition_intelligence_supra.TestMineralScoreEndpoint" name="test_score_chevreuil" time="0.112" /><testcase classname="tests.test_nutrition_intelligence_supra.TestMineralScoreEndpoint" name="test_score_ours_noir" time="0.131" /><testcase classname="tests.test_nutrition_intelligence_supra.TestEnergyProteinEndpoint" name="test_energy_protein_chevreuil" time="0.133" /><testcase classname="tests.test_nutrition_intelligence_supra.TestEnergyProteinEndpoint" name="test_energy_protein_orignal" time="0.141" /><testcase classname="tests.test_nutrition_intelligence_supra.TestEnergyProteinEndpoint" name="test_energy_protein_ours_noir" time="0.115" /><testcase classname="tests.test_nutrition_intelligence_supra.TestEnergyProteinEndpoint" name="test_energy_protein_ours_noir_hiver" time="0.187" /><testcase classname="tests.test_nutrition_intelligence_supra.TestFullAnalysisEndpoint" name="test_full_analysis" time="0.147" /><testcase classname="tests.test_nutrition_intelligence_supra.TestOtherEndpoints" name="test_recommendations" time="0.134" /><testcase classname="tests.test_nutrition_intelligence_supra.TestOtherEndpoints" name="test_order" time="0.107" /><testcase classname="tests.test_nutrition_intelligence_supra.TestOtherEndpoints" name="test_site_guide" time="0.119" /><testcase classname="tests.test_nutrition_intelligence_supra.TestOtherEndpoints" name="test_costs" time="0.159" /><testcase classname="tests.test_nutrition_intelligence_supra.TestOtherEndpoints" name="test_costs_compare" time="0.108" /><testcase classname="tests.test_nutrition_intelligence_supra.TestOtherEndpoints" name="test_recipe" time="0.116" /><testcase classname="tests.test_nutrition_intelligence_supra.TestOtherEndpoints" name="test_evidence" time="0.121" /></testsuite></testsuites>