<?xml version="1.0" encoding="utf-8"?><testsuites name="pytest tests"><testsuite name="pytest" errors="0" failures="0" skipped="0" tests="19" time="32.686" timestamp="2026-03-24T18:31:53.906505+00:00" hostname="agent-env-ffc8a3b4-f69b-4057-9ea0-cbb108eeebdb"><testcase classname="tests.test_saline_intelligence_ultra.TestSalineHealth" name="test_health_returns_operational" time="29.780" /><testcase classname="tests.test_saline_intelligence_ultra.TestSalineAnalysis" name="test_full_analysis_post" time="0.450" /><testcase classname="tests.test_saline_intelligence_ultra.TestSalineAnalysis" name="test_quick_analysis_get" time="0.127" /><testcase classname="tests.test_saline_intelligence_ultra.TestSalineSubEngines" name="test_soil_analysis_get" time="0.173" /><testcase classname="tests.test_saline_intelligence_ultra.TestSalineSubEngines" name="test_nutrients_analysis_get" time="0.105" /><testcase classname="tests.test_saline_intelligence_ultra.TestSalineSubEngines" name="test_vegetation_analysis_get" time="0.119" /><testcase classname="tests.test_saline_intelligence_ultra.TestSalineSubEngines" name="test_hydrology_analysis_get" time="0.215" /><testcase classname="tests.test_saline_intelligence_ultra.TestSalineSubEngines" name="test_metabolism_analysis_get" time="0.152" /><testcase classname="tests.test_saline_intelligence_ultra.TestSalineSpeciesFormulas" name="test_list_species" time="0.131" /><testcase classname="tests.test_saline_intelligence_ultra.TestSalineSpeciesFormulas" name="test_list_formulas" time="0.108" /><testcase classname="tests.test_saline_intelligence_ultra.TestSalineGeospatialLayers" name="test_list_layers" time="0.110" /><testcase classname="tests.test_saline_intelligence_ultra.TestSalineGeospatialLayers" name="test_suitability_score" time="0.113" /><testcase classname="tests.test_saline_intelligence_ultra.TestSalineEcommerce" name="test_list_products" time="0.127" /><testcase classname="tests.test_saline_intelligence_ultra.TestSalineEcommerce" name="test_recommend_products" time="0.112" /><testcase classname="tests.test_saline_intelligence_ultra.TestSalineEcommerce" name="test_add_to_cart" time="0.278" /><testcase classname="tests.test_saline_intelligence_ultra.TestSalineEcommerce" name="test_get_cart" time="0.108" /><testcase classname="tests.test_saline_intelligence_ultra.TestSalineEdgeCases" name="test_invalid_coordinates" time="0.115" /><testcase classname="tests.test_saline_intelligence_ultra.TestSalineEdgeCases" name="test_missing_required_params" time="0.124" /><testcase classname="tests.test_saline_intelligence_ultra.TestSalineEdgeCases" name="test_invalid_product_id" time="0.128" /></testsuite></testsuites>